Usuario: Usr00 Administrador Luis  Conectado 8:18:28 2/5/20128:18:30 2/5/2012;
8:51:29 2/5/2012Sesion Expirada ;
Usuario: Usr00 Administrador Luis  Conectado 8:53:43 2/5/2012Usuario: Usr00 8:55:12 2/5/2012 Sesion Expirada ;
Usuario: Usr02 Profesor Humberto  Conectado 1:56:46 3/5/2012 1:57:17 3/5/2012 ;
Usuario: Usr00 Administrador Luis  Conectado 1:57:28 3/5/2012 1:58:5 3/5/2012 ;
Usuario: Usr03 CoordinadorLola  Conectado 1:58:14 3/5/2012 1:59:8 3/5/2012 ;
Usuario: Usr03 CoordinadorLola  Conectado 2:6:17 3/5/2012 2:7:16 3/5/2012 ;
Usuario: Usr03 CoordinadorLola  Conectado 2:11:7 3/5/2012 2:11:19 3/5/2012 ;
Usuario: Usr02 Profesor Humberto  Conectado 2:30:43 3/5/2012 2:30:55 3/5/2012 ;
Usuario: Usr00 Administrador Luis  Conectado 2:32:51 3/5/2012 2:33:9 3/5/2012 ;
Usuario: Usr03 CoordinadorLola  Conectado 2:33:25 3/5/2012 2:33:34 3/5/2012 ;
Usuario: Usr04 Profesor sam  Conectado 8:41:0 3/5/2012 8:41:25 3/5/2012 ;
Usuario: Usr00 Administrador samuel  Conectado 8:42:51 3/5/2012 8:45:28 3/5/2012 ;
Usuario: Usr01 Coordinadorsamuel  Conectado 8:45:37 3/5/2012 8:46:34 3/5/2012 ;
Usuario: Usr00 Administrador samuel  Conectado 9:3:37 3/5/2012 9:4:29 3/5/2012 ;
4:35:21 5/5/2012  Sesion Expirada ;
Usuario: Usr00 Administrador samuel  Conectado 4:40:31 5/5/2012 4:43:59 5/5/2012 ;
Usuario: Usr02 CoordinadorSamuel  Conectado 4:44:11 5/5/2012 4:44:28 5/5/2012 ;
Usuario: Usr00 Administrador samuel  Conectado 4:44:41 5/5/2012 4:45:3 5/5/2012 ;
Usuario: Usr00 Administrador samuel  Conectado 4:48:17 5/5/2012 4:51:30 5/5/2012 ;
Usuario: Usr00 Administrador samuel  Conectado 4:51:38 5/5/2012  Salida Inesperada 4:55:43 5/5/2012 ;
Usuario: Usr00 Administrador Jose Luis  Conectado 4:56:2 5/5/2012 4:56:13 5/5/2012 ;
Usuario: Usr01 Coordinadorsamuel  Conectado 4:58:25 5/5/2012 5:3:44 5/5/2012 ;
Usuario: Usr00 Administrador Jose Luis  Conectado 5:4:25 5/5/2012  Salida Inesperada 5:5:13 5/5/2012 ;
Usuario: Usr00 Administrador Jose Luis  Conectado 5:8:31 5/5/2012 5:10:23 5/5/2012 ;
Usuario: Usr00 Administrador Jose Luis  Conectado 5:10:36 5/5/2012 5:11:34 5/5/2012 ;
Usuario: Usr03 Coordinadorsamuel  Conectado 5:11:55 5/5/2012 5:19:36 5/5/2012 ;
Usuario: Usr00 Administrador Jose Luis  Conectado 5:19:47 5/5/2012 5:20:14 5/5/2012 ;
Usuario: Usr04 Profesor samuel  Conectado 5:23:40 5/5/2012 5:24:5 5/5/2012 ;
Usuario: Usr00 Administrador Jose Luis  Conectado 5:37:12 5/5/2012  Salida Inesperada 5:37:24 5/5/2012 ;
Usuario: Usr00 Administrador Jose Luis  Conectado 5:38:42 5/5/2012  Salida Inesperada 5:41:5 5/5/2012 ;
Usuario: Usr00 Administrador Jose Luis  Conectado 5:42:23 5/5/2012  Salida Inesperada 5:42:39 5/5/2012 ;
Usuario: Usr00 Administrador Jose Luis  Conectado 5:44:18 5/5/2012  Salida Inesperada 5:44:36 5/5/2012 ;
Usuario: Usr00 Administrador Jose Luis  Conectado 5:52:32 5/5/2012 5:52:59 5/5/2012 ;
Usuario: Usr04 Profesor samuel  Conectado 6:4:53 5/5/2012  Salida Inesperada 6:5:10 5/5/2012 ;
Usuario: Usr00 Administrador Jose Luis  Conectado 6:5:45 5/5/2012  Salida Inesperada 6:5:56 5/5/2012 ;
Usuario: Usr03 Coordinadorsamuel  Conectado 6:6:8 5/5/2012  Salida Inesperada 6:8:21 5/5/2012 ;
Usuario: Usr03 Coordinadorsamuel  Conectado 6:13:1 5/5/2012  Salida Inesperada 6:13:36 5/5/2012 ;
Usuario: Usr03 Coordinadorsamuel  Conectado 6:21:55 5/5/2012  Salida Inesperada 6:22:14 5/5/2012 ;
Usuario: Usr00 Administrador Jose Luis  Conectado 6:26:59 5/5/2012  Salida Inesperada 6:27:29 5/5/2012 ;
Usuario: Usr03 Coordinadorsamuel  Conectado 6:32:51 5/5/2012  Salida Inesperada 6:33:31 5/5/2012 ;
Usuario: Usr03 Coordinadorsamuel  Conectado 6:34:33 5/5/2012  Salida Inesperada 6:34:53 5/5/2012 ;
Usuario: Usr03 Coordinadorsamuel  Conectado 6:35:50 5/5/2012  Salida Inesperada 6:36:4 5/5/2012 ;
Usuario: Usr03 Coordinadorsamuel  Conectado 6:37:13 5/5/2012  Salida Inesperada 6:37:30 5/5/2012 ;
Usuario: Usr03 Coordinadorsamuel  Conectado 6:38:20 5/5/2012  Salida Inesperada 6:38:26 5/5/2012 ;
Usuario: Usr03 Coordinadorsamuel  Conectado 6:52:42 5/5/2012  Salida Inesperada 6:52:45 5/5/2012 ;
Usuario: Usr03 Coordinadorsamuel  Conectado 6:57:7 5/5/2012  Salida Inesperada 6:57:13 5/5/2012 ;
Usuario: Usr03 Coordinadorsamuel  Conectado 7:3:47 5/5/2012  Salida Inesperada 7:3:54 5/5/2012 ;
Usuario: Usr03 Coordinadorsamuel  Conectado 7:7:4 5/5/2012  Salida Inesperada 7:7:10 5/5/2012 ;
Usuario: Usr00 Administrador Jose Luis  Conectado 7:13:30 5/5/2012  Salida Inesperada 7:13:52 5/5/2012 ;
Usuario: Usr00 Administrador Jose Luis  Conectado 7:14:59 5/5/2012  Salida Inesperada 7:15:14 5/5/2012 ;
Usuario: Usr00 Administrador Jose Luis  Conectado 7:15:27 5/5/2012  Salida Inesperada 7:15:31 5/5/2012 ;
Usuario: Usr00 Administrador Jose Luis  Conectado 7:15:48 5/5/2012  Salida Inesperada 7:15:50 5/5/2012 ;
Usuario: Usr00 Administrador Jose Luis  Conectado 7:18:12 5/5/2012 7:18:18 5/5/2012 ;
Usuario: Usr03 Coordinadorsamuel  Conectado 7:18:26 5/5/2012 7:20:22 5/5/2012 ;
Usuario: Usr03 Coordinadorsamuel  Conectado 7:20:31 5/5/2012  Salida Inesperada 7:20:36 5/5/2012 ;
Usuario: Usr00 Administrador Jose Luis  Conectado 7:26:25 5/5/2012  Salida Inesperada 7:26:30 5/5/2012 ;
Usuario: Usr00 Administrador Jose Luis  Conectado 7:29:21 5/5/2012  Salida Inesperada 7:29:25 5/5/2012 ;
Usuario: Usr04 Profesor samuel  Conectado 7:49:29 5/5/2012  Salida Inesperada 7:49:40 5/5/2012 ;
Usuario: Usr03 Coordinadorsamuel  Conectado 7:53:16 5/5/2012  Salida Inesperada 7:53:33 5/5/2012 ;
Usuario: Usr03 Coordinadorsamuel  Conectado 7:54:22 5/5/2012  Salida Inesperada 7:54:25 5/5/2012 ;
Usuario: Usr03 Coordinadorsamuel  Conectado 7:56:23 5/5/2012  Salida Inesperada 7:56:33 5/5/2012 ;
Usuario: Usr03 Coordinadorsamuel  Conectado 7:58:8 5/5/2012  Salida Inesperada 7:58:12 5/5/2012 ;
Usuario: Usr03 Coordinadorsamuel  Conectado 8:3:1 5/5/2012  Salida Inesperada 8:3:5 5/5/2012 ;
Usuario: Usr03 Coordinadorsamuel  Conectado 8:3:16 5/5/2012  Salida Inesperada 8:3:19 5/5/2012 ;
Usuario: Usr03 Coordinadorsamuel  Conectado 8:10:42 5/5/2012  Salida Inesperada 8:13:31 5/5/2012 ;
Usuario: Usr03 Coordinadorsamuel  Conectado 8:19:35 5/5/2012  Salida Inesperada 8:19:41 5/5/2012 ;
Usuario: Usr03 Coordinadorsamuel  Conectado 8:20:17 5/5/2012  Salida Inesperada 8:20:19 5/5/2012 ;
Usuario: Usr03 Coordinadorsamuel  Conectado 8:22:19 5/5/2012  Salida Inesperada 8:22:34 5/5/2012 ;
Usuario: Usr03 Coordinadorsamuel  Conectado 8:26:18 5/5/2012  Salida Inesperada 8:26:22 5/5/2012 ;
Usuario: Usr03 Coordinadorsamuel  Conectado 8:27:46 5/5/2012 Usuario: Usr03 8:29:43 5/5/2012  Sesion Expirada ;
Usuario: Usr03 Coordinadorsamuel  Conectado 8:32:47 5/5/2012  Salida Inesperada 8:33:2 5/5/2012 ;
Usuario: Usr04 Profesor samuel  Conectado 8:33:43 5/5/2012  Salida Inesperada 8:33:48 5/5/2012 ;
Usuario: Usr04 Profesor samuel  Conectado 8:34:50 5/5/2012 Usuario: Usr04 8:36:31 5/5/2012  Sesion Expirada ;
Usuario: Usr03 Coordinadorsamuel  Conectado 8:39:9 5/5/2012  Salida Inesperada 8:39:26 5/5/2012 ;
Usuario: Usr03 Coordinadorsamuel  Conectado 8:40:28 5/5/2012  Salida Inesperada 8:40:30 5/5/2012 ;
Usuario: Usr03 Coordinadorsamuel  Conectado 8:51:2 5/5/2012  Salida Inesperada 8:51:12 5/5/2012 ;
Usuario: Usr04 Profesor samuel  Conectado 8:54:19 5/5/2012  Salida Inesperada 8:54:25 5/5/2012 ;
Usuario: Usr04 Profesor samuel  Conectado 8:57:11 5/5/2012  Salida Inesperada 8:57:33 5/5/2012 ;
Usuario: Usr04 Profesor samuel  Conectado 9:2:35 5/5/2012  Salida Inesperada 9:3:52 5/5/2012 ;
Usuario: Usr03 Coordinadorsamuel  Conectado 9:11:2 5/5/2012  Salida Inesperada 9:11:8 5/5/2012 ;
Usuario: Usr04 Profesor samuel  Conectado 9:11:17 5/5/2012  Salida Inesperada 9:11:23 5/5/2012 ;
Usuario: Usr00 Administrador Jose Luis  Conectado 9:11:34 5/5/2012  Salida Inesperada 9:12:0 5/5/2012 ;
Usuario: Usr00 Administrador Jose Luis  Conectado 9:13:43 5/5/2012  Salida Inesperada 9:13:52 5/5/2012 ;
Usuario: Usr00 Administrador Jose Luis  Conectado 9:14:45 5/5/2012  Salida Inesperada 9:14:49 5/5/2012 ;
Usuario: Usr00 Administrador Jose Luis  Conectado 9:15:14 5/5/2012  Salida Inesperada 9:15:18 5/5/2012 ;
Usuario: Usr00 Administrador Jose Luis  Conectado 9:16:12 5/5/2012  Salida Inesperada 9:16:15 5/5/2012 ;
Usuario: Usr00 Administrador Jose Luis  Conectado 9:16:42 5/5/2012  Salida Inesperada 9:16:46 5/5/2012 ;
Usuario: Usr00 Administrador Jose Luis  Conectado 9:17:47 5/5/2012  Salida Inesperada 9:17:49 5/5/2012 ;
Usuario: Usr03 Coordinadorsamuel  Conectado 9:18:25 5/5/2012  Salida Inesperada 9:18:34 5/5/2012 ;
Usuario: Usr00 Administrador Jose Luis  Conectado 9:20:26 5/5/2012  Salida Inesperada 9:20:37 5/5/2012 ;
Usuario: Usr04 Profesor samuel  Conectado 9:21:41 5/5/2012  Salida Inesperada 9:21:46 5/5/2012 ;
Usuario: Usr03 Coordinadorsamuel  Conectado 9:22:39 5/5/2012  Salida Inesperada 9:22:53 5/5/2012 ;
Usuario: Usr03 Coordinadorsamuel  Conectado 9:23:28 5/5/2012 Usuario: Usr03 9:25:45 5/5/2012  Sesion Expirada ;
Usuario: Usr04 Profesor samuel  Conectado 9:28:24 5/5/2012  Salida Inesperada 9:28:40 5/5/2012 ;
Usuario: Usr03 Coordinadorsamuel  Conectado 9:28:50 5/5/2012  Salida Inesperada 9:28:54 5/5/2012 ;
Usuario: Usr04 Profesor samuel  Conectado 9:35:38 5/5/2012  Salida Inesperada 9:35:45 5/5/2012 ;
Usuario: Usr03 Coordinadorsamuel  Conectado 9:39:5 5/5/2012  Salida Inesperada 9:39:13 5/5/2012 ;
Usuario: Usr04 Profesor samuel  Conectado 9:39:23 5/5/2012  Salida Inesperada 9:39:25 5/5/2012 ;
Usuario: Usr03 Coordinadorsamuel  Conectado 9:40:49 5/5/2012  Salida Inesperada 9:40:58 5/5/2012 ;
Usuario: Usr04 Profesor samuel  Conectado 9:41:41 5/5/2012  Salida Inesperada 9:41:51 5/5/2012 ;
Usuario: Usr04 Profesor samuel  Conectado 9:42:7 5/5/2012  Salida Inesperada 9:42:11 5/5/2012 ;
Usuario: Usr03 Coordinadorsamuel  Conectado 9:42:20 5/5/2012  Salida Inesperada 9:42:37 5/5/2012 ;
Usuario: Usr03 Coordinadorsamuel  Conectado 9:50:58 5/5/2012  Salida Inesperada 9:51:12 5/5/2012 ;
Usuario: Usr03 Coordinadorsamuel  Conectado 9:52:14 5/5/2012  Salida Inesperada 9:52:29 5/5/2012 ;
Usuario: Usr03 Coordinadorsamuel  Conectado 9:56:12 5/5/2012  Salida Inesperada 9:56:19 5/5/2012 ;
Usuario: Usr00 Administrador Jose Luis  Conectado 9:56:57 5/5/2012  Salida Inesperada 9:57:6 5/5/2012 ;
Usuario: Usr00 Administrador Jose Luis  Conectado 9:57:41 5/5/2012  Salida Inesperada 9:57:56 5/5/2012 ;
Usuario: Usr00 Administrador Jose Luis  Conectado 9:58:35 5/5/2012  Salida Inesperada 9:59:19 5/5/2012 ;
Usuario: Usr00 Administrador Jose Luis  Conectado 10:3:33 5/5/2012  Salida Inesperada 10:3:49 5/5/2012 ;
Usuario: Usr00 Administrador Jose Luis  Conectado 10:4:24 5/5/2012  Salida Inesperada 10:4:38 5/5/2012 ;
Usuario: Usr00 Administrador Jose Luis  Conectado 10:5:18 5/5/2012  Salida Inesperada 10:5:40 5/5/2012 ;
Usuario: Usr00 Administrador Jose Luis  Conectado 10:6:29 5/5/2012  Salida Inesperada 10:6:34 5/5/2012 ;
Usuario: Usr00 Administrador Jose Luis  Conectado 10:7:5 5/5/2012  Salida Inesperada 10:7:11 5/5/2012 ;
Usuario: Usr00 Administrador Jose Luis  Conectado 10:7:49 5/5/2012  Salida Inesperada 10:7:56 5/5/2012 ;
Usuario: Usr00 Administrador Jose Luis  Conectado 10:8:34 5/5/2012  Salida Inesperada 10:8:38 5/5/2012 ;
Usuario: Usr00 Administrador Jose Luis  Conectado 10:9:37 5/5/2012  Salida Inesperada 10:9:58 5/5/2012 ;
Usuario: Usr00 Administrador Jose Luis  Conectado 10:10:44 5/5/2012  Salida Inesperada 10:10:49 5/5/2012 ;
Usuario: Usr03 Coordinadorsamuel  Conectado 10:11:0 5/5/2012  Salida Inesperada 10:11:7 5/5/2012 ;
Usuario: Usr04 Profesor samuel  Conectado 10:11:14 5/5/2012  Salida Inesperada 10:11:30 5/5/2012 ;
Usuario: Usr03 Coordinadorsamuel  Conectado 10:12:33 5/5/2012  Salida Inesperada 10:12:51 5/5/2012 ;
Usuario: Usr03 Coordinadorsamuel  Conectado 10:17:24 5/5/2012  Salida Inesperada 10:17:34 5/5/2012 ;
Usuario: Usr03 Coordinadorsamuel  Conectado 10:19:25 5/5/2012  Salida Inesperada 10:19:39 5/5/2012 ;
Usuario: Usr03 Coordinadorsamuel  Conectado 10:20:4 5/5/2012  Salida Inesperada 10:20:8 5/5/2012 ;
Usuario: Usr03 Coordinadorsamuel  Conectado 10:20:28 5/5/2012  Salida Inesperada 10:20:32 5/5/2012 ;
Usuario: Usr04 Profesor samuel  Conectado 10:20:49 5/5/2012  Salida Inesperada 10:21:33 5/5/2012 ;
Usuario: Usr04 Profesor samuel  Conectado 10:32:15 5/5/2012  Salida Inesperada 10:32:47 5/5/2012 ;
Usuario: Usr04 Profesor samuel  Conectado 10:33:15 5/5/2012  Salida Inesperada 10:33:18 5/5/2012 ;
Usuario: Usr04 Profesor samuel  Conectado 10:33:48 5/5/2012  Salida Inesperada 10:34:2 5/5/2012 ;
Usuario: Usr03 Coordinadorsamuel  Conectado 10:38:1 5/5/2012  Salida Inesperada 10:38:10 5/5/2012 ;
Usuario: Usr04 Profesor samuel  Conectado 10:38:19 5/5/2012  Salida Inesperada 10:38:24 5/5/2012 ;
Usuario: Usr04 Profesor samuel  Conectado 10:38:44 5/5/2012  Salida Inesperada 10:38:52 5/5/2012 ;
Usuario: Usr00 Administrador Jose Luis  Conectado 10:41:19 5/5/2012  Salida Inesperada 10:41:23 5/5/2012 ;
Usuario: Usr03 Coordinadorsamuel  Conectado 10:25:14 6/5/2012  Salida Inesperada 10:25:32 6/5/2012 ;
Usuario: Usr03 Coordinadorsamuel  Conectado 10:27:34 6/5/2012  Salida Inesperada 10:27:39 6/5/2012 ;
Usuario: Usr03 Coordinadorsamuel  Conectado 10:28:47 6/5/2012  Salida Inesperada 10:28:55 6/5/2012 ;
Usuario: Usr00 Administrador Jose Luis  Conectado 10:32:2 6/5/2012 10:32:54 6/5/2012 ;
Usuario: Usr04 Profesor samuel  Conectado 10:33:38 6/5/2012  Salida Inesperada 10:33:39 6/5/2012 ;
Usuario: Usr04 Profesor samuel  Conectado 10:33:5 6/5/2012  Salida Inesperada 10:35:28 6/5/2012 ;
Usuario: Usr03 Coordinadorsamuel  Conectado 10:47:0 6/5/2012  Salida Inesperada 10:47:17 6/5/2012 ;
Usuario: Usr03 Coordinadorsamuel  Conectado 10:49:15 6/5/2012  Salida Inesperada 10:49:34 6/5/2012 ;
Usuario: Usr03 Coordinadorsamuel  Conectado 10:50:8 6/5/2012  Salida Inesperada 10:50:12 6/5/2012 ;
Usuario: Usr03 Coordinadorsamuel  Conectado 10:58:7 6/5/2012  Salida Inesperada 10:58:23 6/5/2012 ;
Usuario: Usr03 Coordinadorsamuel  Conectado 11:31:20 6/5/2012  Salida Inesperada 11:31:28 6/5/2012 ;
Usuario: Usr03 Coordinadorsamuel  Conectado 11:32:11 6/5/2012 11:32:48 6/5/2012 ;
Usuario: Usr04 Profesor samuel  Conectado 11:32:58 6/5/2012 11:33:13 6/5/2012 ;
0:43:15 6/5/2012  Sesion Expirada ;
Usuario: Usr00 Administrador Jose Luis  Conectado 0:44:29 6/5/2012 0:45:3 6/5/2012 ;
Usuario: Usr05 Coordinadoremmanuel  Conectado 0:47:19 6/5/2012 0:48:22 6/5/2012 ;
Usuario: Usr05 Coordinadoremmanuel  Conectado 0:50:42 6/5/2012 0:51:1 6/5/2012 ;
Usuario: Usr00 Administrador Jose Luis  Conectado 3:40:25 6/5/2012 3:40:41 6/5/2012 ;
Usuario: Usr05 Coordinadoremmanuel  Conectado 3:40:48 6/5/2012  Salida Inesperada 3:43:10 6/5/2012 ;
Usuario: Usr00 Administrador Jose Luis  Conectado 4:33:30 6/5/2012 4:33:40 6/5/2012 ;
Usuario: Usr03 Coordinadorsamuel  Conectado 4:33:50 6/5/2012  Salida Inesperada 4:34:12 6/5/2012 ;
Usuario: Usr03 Coordinadorsamuel  Conectado 5:36:48 6/5/2012  Salida Inesperada 5:36:55 6/5/2012 ;
Usuario: Usr03 Coordinadorsamuel  Conectado 6:16:4 6/5/2012  Salida Inesperada 6:16:47 6/5/2012 ;
Usuario: Usr03 Coordinadorsamuel  Conectado 6:16:45 6/5/2012  Salida Inesperada 6:16:49 6/5/2012 ;
Usuario: Usr03 Coordinadorsamuel  Conectado 6:17:5 6/5/2012  Salida Inesperada 6:17:25 6/5/2012 ;
Usuario: Usr03 Coordinadorsamuel  Conectado 6:18:47 6/5/2012 6:20:54 6/5/2012 ;
Usuario: Usr04 Profesor samuel  Conectado 6:21:50 6/5/2012  Agregada unidad de aprendizaje 6:26:9 6/5/2012 ;
Usuario: Usr03 Coordinadorsamuel  Conectado 6:26:18 6/5/2012  Salida Inesperada 6:27:38 6/5/2012 ;
Usuario: Usr06 Profesor Luis Ernesto  Conectado 1:41:29 7/5/2012 1:42:1 7/5/2012 ;
Usuario: Usr00 Administrador Jose Luis  Conectado 1:42:40 7/5/2012 1:43:28 7/5/2012 ;
Usuario: Usr07 CoordinadorLuis Ernesto  Conectado 1:43:37 7/5/2012  Salida Inesperada 1:46:2 7/5/2012 ;
Usuario: Usr06 Profesor Luis Ernesto  Conectado 1:52:54 7/5/2012 1:52:57 7/5/2012 ;
Usuario: Usr07 CoordinadorLuis Ernesto  Conectado 1:53:4 7/5/2012  Salida Inesperada 1:56:8 7/5/2012 ;
Usuario: Usr06 Profesor Luis Ernesto  Conectado 2:5:14 7/5/2012 2:5:17 7/5/2012 ;
Usuario: Usr07 CoordinadorLuis Ernesto  Conectado 2:5:33 7/5/2012  Salida Inesperada 2:6:12 7/5/2012 ;
Usuario: Usr06 Profesor Luis Ernesto  Conectado 2:20:7 7/5/2012  Agregada unidad de aprendizaje  Agregada unidad de aprendizaje  Salida Inesperada 2:22:50 7/5/2012 ;
Usuario: Usr00 Administrador Jose Luis  Conectado 7:20:19 7/5/2012 7:21:31 7/5/2012 ;
Usuario: Usr07 CoordinadorLuis Ernesto  Conectado 7:21:50 7/5/2012 7:23:26 7/5/2012 ;
Usuario: Usr08 Profesor Luis Ernesto  Conectado 7:26:26 7/5/2012 7:26:35 7/5/2012 ;
Usuario: Usr07 CoordinadorLuis Ernesto  Conectado 7:27:26 7/5/2012 7:27:36 7/5/2012 ;
Usuario: Usr00 Administrador Jose Luis  Conectado 7:27:45 7/5/2012 7:28:20 7/5/2012 ;
Usuario: Usr08 Profesor Luis Ernesto  Conectado 7:28:30 7/5/2012 7:28:33 7/5/2012 ;
Usuario: Usr07 CoordinadorLuis Ernesto  Conectado 7:28:41 7/5/2012 7:28:46 7/5/2012 ;
Usuario: Usr07 CoordinadorLuis Ernesto  Conectado 7:30:52 7/5/2012 7:32:4 7/5/2012 ;
Usuario: Usr08 Profesor Luis Ernesto  Conectado 7:32:20 7/5/2012  Agregada unidad de aprendizaje  Salida Inesperada 7:35:20 7/5/2012 ;
Usuario: Usr08 Profesor Luis Ernesto  Conectado 7:41:40 7/5/2012  Agregada unidad de aprendizaje  Salida Inesperada 7:45:54 7/5/2012 ;
11:42:31 14/5/2012  Sesion Expirada ;
Usuario: Usr09 Profesor Jesus  Conectado 11:43:18 14/5/2012 11:43:34 14/5/2012 ;
Usuario: Usr00 Administrador Jose Luis  Conectado 11:44:2 14/5/2012 11:44:51 14/5/2012 ;
